<?xml version="1.0" encoding="UTF-8"?>
<testng-results ignored="0" total="1" passed="1" failed="0" skipped="0">
  <reporter-output>
  </reporter-output>
  <suite started-at="2022-01-12T15:44:25 CST" name="Default suite" finished-at="2022-01-12T15:44:33 CST" duration-ms="7940">
    <groups>
    </groups>
    <test started-at="2022-01-12T15:44:25 CST" name="Default test" finished-at="2022-01-12T15:44:33 CST" duration-ms="7940">
      <class name="udemy.ExtentReportDemo">
        <test-method is-config="true" signature="config()[pri:0, instance:udemy.ExtentReportDemo@4bb33f74]" started-at="2022-01-12T15:44:25 CST" name="config" finished-at="2022-01-12T15:44:25 CST" duration-ms="326" status="PASS">
          <reporter-output>
          </reporter-output>
        </test-method> <!-- config -->
        <test-method signature="initialDemo()[pri:0, instance:udemy.ExtentReportDemo@4bb33f74]" started-at="2022-01-12T15:44:25 CST" name="initialDemo" finished-at="2022-01-12T15:44:33 CST" duration-ms="7582" status="PASS">
          <reporter-output>
          </reporter-output>
        </test-method> <!-- initialDemo -->
      </class> <!-- udemy.ExtentReportDemo -->
    </test> <!-- Default test -->
  </suite> <!-- Default suite -->
</testng-results>
